<?xml version="1.0" encoding="UTF-8"?>
<testsuite name="kdreetest.KDTreeTest" tests="4" skipped="0" failures="0" errors="0" timestamp="2020-02-27T18:14:33" hostname="LAPTOP-NHGD0KMB" time="0.003">
  <properties/>
  <testcase name="TestKDTreePrint_1" classname="kdreetest.KDTreeTest" time="0.003"/>
  <testcase name="TestKDTreePrint_2" classname="kdreetest.KDTreeTest" time="0.0"/>
  <testcase name="TestKDTreeCount_1" classname="kdreetest.KDTreeTest" time="0.0"/>
  <testcase name="TestKDTreeCount_2" classname="kdreetest.KDTreeTest" time="0.0"/>
  <system-out><![CDATA[]]></system-out>
  <system-err><![CDATA[]]></system-err>
</testsuite>
